<?xml version="1.0" encoding="UTF-8"?>
<!-- Generated by org.testng.reporters.JUnitReportReporter -->
<testsuite skipped="0" hostname="CDC2-D-6S3DH92" name="git_2.git_2" tests="1" failures="0" timestamp="17 Dec 2019 10:33:47 GMT" time="23.338" errors="0">
  <testcase name="registration" time="23.338" classname="git_2.git_2"/>
</testsuite> <!-- git_2.git_2 -->
